﻿root@superbolt-1:~# cd /etc/sonic/frr
root@superbolt-1:/etc/sonic/frr# cat frr.conf
frr version 8.5.4
frr defaults traditional
hostname superbolt-1
fpm address 127.0.0.1
no fpm use-next-hop-groups
service integrated-vtysh-config
!
router bgp 64600
 bgp router-id 172.28.5.144
 bgp deterministic-med
 bgp graceful-restart restart-time 300
 bgp graceful-restart
 bgp bestpath as-path multipath-relax
 bgp bestpath compare-routerid
 neighbor CFABT1 peer-group
 neighbor CFABT1 remote-as 4200000177
 neighbor CFABT1 timers 3 9
 neighbor 100.64.0.1 peer-group CFABT1
 neighbor 100.64.0.3 peer-group CFABT1
 neighbor 100.64.0.5 peer-group CFABT1
 neighbor 100.64.0.7 peer-group CFABT1
 neighbor 100.64.0.9 peer-group CFABT1
 neighbor 100.64.0.11 peer-group CFABT1
 neighbor 100.64.0.13 peer-group CFABT1
 neighbor 100.64.0.15 peer-group CFABT1
 !
 address-family ipv4 unicast
  network 10.50.200.0/24 route-map TOR_AGGREGATE_GPU
  network 100.64.0.0/31 route-map TOR_POINT_TO_POINT_TO_BGP
  network 100.64.0.2/31 route-map TOR_POINT_TO_POINT_TO_BGP
  network 100.64.0.4/31 route-map TOR_POINT_TO_POINT_TO_BGP
  network 100.64.0.6/31 route-map TOR_POINT_TO_POINT_TO_BGP
  network 100.64.0.8/31 route-map TOR_POINT_TO_POINT_TO_BGP
  network 100.64.0.10/31 route-map TOR_POINT_TO_POINT_TO_BGP
  network 100.64.0.12/31 route-map TOR_POINT_TO_POINT_TO_BGP
  network 100.64.0.14/31 route-map TOR_POINT_TO_POINT_TO_BGP
  network 172.28.5.144/32 route-map TOR_LOOPBACK_TO_BGP
  neighbor CFABT1 soft-reconfiguration inbound
  neighbor CFABT1 allowas-in
  neighbor CFABT1 route-map TOR_FROM_CFABT1 in
  neighbor CFABT1 route-map TOR_TO_CFABT1 out
 exit-address-family
exit
!
bgp community-list expanded EXCLUDE_ALL seq 5 deny ".*:.*"
bgp community-list expanded EXCLUDE_INFO seq 5 deny "^4:.*$"
bgp community-list expanded EXCLUDE_ORIGIN seq 5 deny "^2:.*"
bgp community-list expanded EXCLUDE_ORIGIN_GEO seq 5 deny "^2:2.*"
bgp community-list expanded EXCLUDE_ORIGIN_GEO_AMS seq 5 deny "^2:216.*"
bgp community-list expanded EXCLUDE_ORIGIN_GEO_ARN seq 5 deny "^2:234.*"
bgp community-list expanded EXCLUDE_ORIGIN_GEO_AUH seq 5 deny "^2:229.*"
bgp community-list expanded EXCLUDE_ORIGIN_GEO_BOM seq 5 deny "^2:207.*"
bgp community-list expanded EXCLUDE_ORIGIN_GEO_CBR seq 5 deny "^2:225.*"
bgp community-list expanded EXCLUDE_ORIGIN_GEO_CDG seq 5 deny "^2:240.*"
bgp community-list expanded EXCLUDE_ORIGIN_GEO_CWL seq 5 deny "^2:227.*"
bgp community-list expanded EXCLUDE_ORIGIN_GEO_DFW seq 5 deny "^2:231.*"
bgp community-list expanded EXCLUDE_ORIGIN_GEO_DXB seq 5 deny "^2:226.*"
bgp community-list expanded EXCLUDE_ORIGIN_GEO_EZE seq 5 deny "^2:236.*"
bgp community-list expanded EXCLUDE_ORIGIN_GEO_FRA seq 5 deny "^2:204.*"
bgp community-list expanded EXCLUDE_ORIGIN_GEO_GRU seq 5 deny "^2:209.*"
bgp community-list expanded EXCLUDE_ORIGIN_GEO_HYD seq 5 deny "^2:221.*"
bgp community-list expanded EXCLUDE_ORIGIN_GEO_IAD seq 5 deny "^2:203.*"
bgp community-list standard EXCLUDE_ORIGIN_GEO_IAD_01 seq 5 deny 2:20301
bgp community-list standard EXCLUDE_ORIGIN_GEO_IAD_02 seq 5 deny 2:20302
bgp community-list standard EXCLUDE_ORIGIN_GEO_IAD_03 seq 5 deny 2:20303
bgp community-list standard EXCLUDE_ORIGIN_GEO_IAD_04 seq 5 deny 2:20304
bgp community-list standard EXCLUDE_ORIGIN_GEO_IAD_05 seq 5 deny 2:20305
bgp community-list standard EXCLUDE_ORIGIN_GEO_IAD_06 seq 5 deny 2:20306
bgp community-list standard EXCLUDE_ORIGIN_GEO_IAD_07 seq 5 deny 2:20307
bgp community-list standard EXCLUDE_ORIGIN_GEO_IAD_08 seq 5 deny 2:20308
bgp community-list standard EXCLUDE_ORIGIN_GEO_IAD_09 seq 5 deny 2:20309
bgp community-list standard EXCLUDE_ORIGIN_GEO_IAD_10 seq 5 deny 2:20310
bgp community-list standard EXCLUDE_ORIGIN_GEO_IAD_11 seq 5 deny 2:20311
bgp community-list standard EXCLUDE_ORIGIN_GEO_IAD_12 seq 5 deny 2:20312
bgp community-list standard EXCLUDE_ORIGIN_GEO_IAD_13 seq 5 deny 2:20313
bgp community-list standard EXCLUDE_ORIGIN_GEO_IAD_15 seq 5 deny 2:20315
bgp community-list expanded EXCLUDE_ORIGIN_GEO_ICN seq 5 deny "^2:212.*"
bgp community-list expanded EXCLUDE_ORIGIN_GEO_JED seq 5 deny "^2:219.*"
bgp community-list expanded EXCLUDE_ORIGIN_GEO_JNB seq 5 deny "^2:235.*"
bgp community-list expanded EXCLUDE_ORIGIN_GEO_KIX seq 5 deny "^2:217.*"
bgp community-list expanded EXCLUDE_ORIGIN_GEO_LAX seq 5 deny "^2:213.*"
bgp community-list expanded EXCLUDE_ORIGIN_GEO_LGA seq 5 deny "^2:214.*"
bgp community-list expanded EXCLUDE_ORIGIN_GEO_LHR seq 5 deny "^2:205.*"
bgp community-list expanded EXCLUDE_ORIGIN_GEO_LIN seq 5 deny "^2:237.*"
bgp community-list expanded EXCLUDE_ORIGIN_GEO_MAD seq 5 deny "^2:239.*"
bgp community-list expanded EXCLUDE_ORIGIN_GEO_MEL seq 5 deny "^2:220.*"
bgp community-list expanded EXCLUDE_ORIGIN_GEO_MIA seq 5 deny "^2:230.*"
bgp community-list expanded EXCLUDE_ORIGIN_GEO_MRS seq 5 deny "^2:233.*"
bgp community-list expanded EXCLUDE_ORIGIN_GEO_MTZ seq 5 deny "^2:238.*"
bgp community-list expanded EXCLUDE_ORIGIN_GEO_NRT seq 5 deny "^2:208.*"
bgp community-list expanded EXCLUDE_ORIGIN_GEO_ORD seq 5 deny "^2:215.*"
bgp community-list expanded EXCLUDE_ORIGIN_GEO_PHX seq 5 deny "^2:202.*"
bgp community-list expanded EXCLUDE_ORIGIN_GEO_QRO seq 5 deny "^2:241.*"
bgp community-list expanded EXCLUDE_ORIGIN_GEO_SCL seq 5 deny "^2:232.*"
bgp community-list expanded EXCLUDE_ORIGIN_GEO_SIN seq 5 deny "^2:223.*"
bgp community-list expanded EXCLUDE_ORIGIN_GEO_SJC seq 5 deny "^2:224.*"
bgp community-list expanded EXCLUDE_ORIGIN_GEO_SYD seq 5 deny "^2:211.*"
bgp community-list expanded EXCLUDE_ORIGIN_GEO_VCP seq 5 deny "^2:228.*"
bgp community-list expanded EXCLUDE_ORIGIN_GEO_YNY seq 5 deny "^2:222.*"
bgp community-list expanded EXCLUDE_ORIGIN_GEO_YUL seq 5 deny "^2:218.*"
bgp community-list expanded EXCLUDE_ORIGIN_GEO_YYZ seq 5 deny "^2:206.*"
bgp community-list expanded EXCLUDE_ORIGIN_GEO_ZRH seq 5 deny "^2:210.*"
bgp community-list expanded EXCLUDE_ORIGIN_TOPO seq 5 deny "^2:1.*"
bgp community-list expanded EXCLUDE_ORIGIN_TOPO_BORDER seq 5 deny "^2:12.*"
bgp community-list expanded EXCLUDE_ORIGIN_TOPO_BORDER_CORE seq 5 deny "^2:1203.*"
bgp community-list expanded EXCLUDE_ORIGIN_TOPO_BORDER_ELPASO seq 5 deny "^2:1207.*"
bgp community-list expanded EXCLUDE_ORIGIN_TOPO_BORDER_GATEWAY seq 5 deny "^2:1204.*"
bgp community-list expanded EXCLUDE_ORIGIN_TOPO_BORDER_PEER seq 5 deny "^2:1201.*"
bgp community-list expanded EXCLUDE_ORIGIN_TOPO_BORDER_REDIRECCFABT1 seq 5 deny "^2:1205.*"
bgp community-list expanded EXCLUDE_ORIGIN_TOPO_BORDER_REFLECCFABT1 seq 5 deny "^2:1202.*"
bgp community-list expanded EXCLUDE_ORIGIN_TOPO_BORDER_VPN seq 5 deny "^2:1206.*"
bgp community-list expanded EXCLUDE_ORIGIN_TOPO_DC seq 5 deny "^2:11.*"
bgp community-list expanded EXCLUDE_ORIGIN_TOPO_DC_APEX seq 5 deny "^2:1104.*"
bgp community-list expanded EXCLUDE_ORIGIN_TOPO_DC_CFABT1 seq 5 deny "^2:1101.*"
bgp community-list expanded EXCLUDE_ORIGIN_TOPO_DC_MGMT seq 5 deny "^2:1105.*"
bgp community-list expanded EXCLUDE_ORIGIN_TOPO_DC_POST seq 5 deny "^2:1102.*"
bgp community-list expanded EXCLUDE_ORIGIN_TOPO_DC_SPINE seq 5 deny "^2:1103.*"
bgp community-list expanded EXCLUDE_ORIGIN_TOPO_SE seq 5 deny "^2:13.*"
bgp community-list expanded EXCLUDE_ORIGIN_TOPO_SE_CFABT1 seq 5 deny "^2:1301.*"
bgp community-list expanded EXCLUDE_ORIGIN_TOPO_SE_LB seq 5 deny "^2:1303.*"
bgp community-list expanded EXCLUDE_ORIGIN_TOPO_SE_SERVICE seq 5 deny "^2:1302.*"
bgp community-list expanded EXCLUDE_POLICY seq 5 deny "^3:.*"
bgp community-list expanded EXCLUDE_POLICY_ATTRIBUTE seq 5 deny "^3:1.*"
bgp community-list expanded EXCLUDE_POLICY_ATTRIBUTE_LOCALPREF seq 5 deny "^3:12.*"
bgp community-list standard EXCLUDE_POLICY_ATTRIBUTE_LOCALPREF_0 seq 5 deny 3:1200
bgp community-list standard EXCLUDE_POLICY_ATTRIBUTE_LOCALPREF_100 seq 5 deny 3:1201
bgp community-list standard EXCLUDE_POLICY_ATTRIBUTE_LOCALPREF_1000 seq 5 deny 3:1210
bgp community-list standard EXCLUDE_POLICY_ATTRIBUTE_LOCALPREF_1100 seq 5 deny 3:1211
bgp community-list standard EXCLUDE_POLICY_ATTRIBUTE_LOCALPREF_1200 seq 5 deny 3:1212
bgp community-list standard EXCLUDE_POLICY_ATTRIBUTE_LOCALPREF_1300 seq 5 deny 3:1213
bgp community-list standard EXCLUDE_POLICY_ATTRIBUTE_LOCALPREF_1400 seq 5 deny 3:1214
bgp community-list standard EXCLUDE_POLICY_ATTRIBUTE_LOCALPREF_1500 seq 5 deny 3:1215
bgp community-list standard EXCLUDE_POLICY_ATTRIBUTE_LOCALPREF_1600 seq 5 deny 3:1216
bgp community-list standard EXCLUDE_POLICY_ATTRIBUTE_LOCALPREF_1700 seq 5 deny 3:1217
bgp community-list standard EXCLUDE_POLICY_ATTRIBUTE_LOCALPREF_1800 seq 5 deny 3:1218
bgp community-list standard EXCLUDE_POLICY_ATTRIBUTE_LOCALPREF_1900 seq 5 deny 3:1219
bgp community-list standard EXCLUDE_POLICY_ATTRIBUTE_LOCALPREF_200 seq 5 deny 3:1202
bgp community-list standard EXCLUDE_POLICY_ATTRIBUTE_LOCALPREF_2000 seq 5 deny 3:1220
bgp community-list standard EXCLUDE_POLICY_ATTRIBUTE_LOCALPREF_300 seq 5 deny 3:1203
bgp community-list standard EXCLUDE_POLICY_ATTRIBUTE_LOCALPREF_400 seq 5 deny 3:1204
bgp community-list standard EXCLUDE_POLICY_ATTRIBUTE_LOCALPREF_500 seq 5 deny 3:1205
bgp community-list standard EXCLUDE_POLICY_ATTRIBUTE_LOCALPREF_600 seq 5 deny 3:1206
bgp community-list standard EXCLUDE_POLICY_ATTRIBUTE_LOCALPREF_700 seq 5 deny 3:1207
bgp community-list standard EXCLUDE_POLICY_ATTRIBUTE_LOCALPREF_800 seq 5 deny 3:1208
bgp community-list standard EXCLUDE_POLICY_ATTRIBUTE_LOCALPREF_900 seq 5 deny 3:1209
bgp community-list expanded EXCLUDE_POLICY_FORWARDING seq 5 deny "^3:3.*"
bgp community-list expanded EXCLUDE_POLICY_FORWARDING_BLACKHOLE seq 5 deny "^3:31$"
bgp community-list expanded EXCLUDE_POLICY_FORWARDING_HONEYPOT seq 5 deny "^3:32$"
bgp community-list expanded EXCLUDE_POLICY_FORWARDING_MITIGATION seq 5 deny "^3:33$"
bgp community-list expanded EXCLUDE_POLICY_SCOPE seq 5 deny "^3:2.*"
bgp community-list expanded EXCLUDE_POLICY_SCOPE_OCI seq 5 deny "^3:20.*"
bgp community-list standard EXCLUDE_POLICY_SCOPE_OCI_BUILDING seq 5 deny 3:2030
bgp community-list standard EXCLUDE_POLICY_SCOPE_OCI_FABRIC seq 5 deny 3:2020
bgp community-list standard EXCLUDE_POLICY_SCOPE_OCI_GLOBAL seq 5 deny 3:2080
bgp community-list standard EXCLUDE_POLICY_SCOPE_OCI_REGION seq 5 deny 3:2050
bgp community-list standard EXCLUDE_POLICY_SCOPE_OCI_SUBFABRIC seq 5 deny 3:2010
bgp community-list expanded EXCLUDE_TYPE seq 5 deny "^1:.*"
bgp community-list expanded EXCLUDE_TYPE_ADMIN seq 5 deny "^1:6.*"
bgp community-list expanded EXCLUDE_TYPE_AGGREGATE seq 5 deny "^1:2.*"
bgp community-list expanded EXCLUDE_TYPE_ENDPOINT seq 5 deny "^1:4.*"
bgp community-list expanded EXCLUDE_TYPE_ENDPOINT_ANYCAST seq 5 deny "^1:401.*"
bgp community-list expanded EXCLUDE_TYPE_ENDPOINT_BASTION seq 5 deny "^1:404.*"
bgp community-list expanded EXCLUDE_TYPE_ENDPOINT_BDI seq 5 deny "^1:409.*"
bgp community-list expanded EXCLUDE_TYPE_ENDPOINT_DNS_RECURSOR seq 5 deny "^1:407.*"
bgp community-list expanded EXCLUDE_TYPE_ENDPOINT_ELPASO_GAMMA_PROBE seq 5 deny "^1:410.*"
bgp community-list expanded EXCLUDE_TYPE_ENDPOINT_EXTERNAL_DNS seq 5 deny "^1:406.*"
bgp community-list expanded EXCLUDE_TYPE_ENDPOINT_LB seq 5 deny "^1:402.*"
bgp community-list expanded EXCLUDE_TYPE_ENDPOINT_OTHER seq 5 deny "^1:499.*"
bgp community-list expanded EXCLUDE_TYPE_ENDPOINT_PROXY seq 5 deny "^1:405.*"
bgp community-list expanded EXCLUDE_TYPE_ENDPOINT_SMTP_RELAY seq 5 deny "^1:408.*"
bgp community-list expanded EXCLUDE_TYPE_ENDPOINT_VPN seq 5 deny "^1:403.*"
bgp community-list expanded EXCLUDE_TYPE_SUBSTRATE seq 5 deny "^1:1.*"
bgp community-list expanded EXCLUDE_TYPE_SUBSTRATE_AGGREGATE seq 5 deny "^1:101.*"
bgp community-list standard EXCLUDE_TYPE_SUBSTRATE_AGGREGATE_BACKUP seq 5 deny 1:1011
bgp community-list expanded EXCLUDE_TYPE_SUBSTRATE_DEFAULT seq 5 deny "^1:100.*"
bgp community-list expanded EXCLUDE_TYPE_SUBSTRATE_LOOPBACK seq 5 deny "^1:102.*"
bgp community-list expanded EXCLUDE_TYPE_SUBSTRATE_P2P seq 5 deny "^1:103.*"
bgp community-list expanded EXCLUDE_TYPE_SUBSTRATE_SUBNET seq 5 deny "^1:104.*"
bgp community-list expanded MATCH_ALL seq 5 permit ".*:.*"
bgp community-list expanded MATCH_INFO seq 5 permit "^4:.*$"
bgp community-list expanded MATCH_ORIGIN seq 5 permit "^2:.*"
bgp community-list expanded MATCH_ORIGIN_GEO seq 5 permit "^2:2.*"
bgp community-list expanded MATCH_ORIGIN_GEO_AMS seq 5 permit "^2:216.*"
bgp community-list expanded MATCH_ORIGIN_GEO_ARN seq 5 permit "^2:234.*"
bgp community-list expanded MATCH_ORIGIN_GEO_AUH seq 5 permit "^2:229.*"
bgp community-list expanded MATCH_ORIGIN_GEO_BOM seq 5 permit "^2:207.*"
bgp community-list expanded MATCH_ORIGIN_GEO_CBR seq 5 permit "^2:225.*"
bgp community-list expanded MATCH_ORIGIN_GEO_CDG seq 5 permit "^2:240.*"
bgp community-list expanded MATCH_ORIGIN_GEO_CWL seq 5 permit "^2:227.*"
bgp community-list expanded MATCH_ORIGIN_GEO_DFW seq 5 permit "^2:231.*"
bgp community-list expanded MATCH_ORIGIN_GEO_DXB seq 5 permit "^2:226.*"
bgp community-list expanded MATCH_ORIGIN_GEO_EZE seq 5 permit "^2:236.*"
bgp community-list expanded MATCH_ORIGIN_GEO_FRA seq 5 permit "^2:204.*"
bgp community-list expanded MATCH_ORIGIN_GEO_GRU seq 5 permit "^2:209.*"
bgp community-list expanded MATCH_ORIGIN_GEO_HYD seq 5 permit "^2:221.*"
bgp community-list expanded MATCH_ORIGIN_GEO_IAD seq 5 permit "^2:203.*"
bgp community-list standard MATCH_ORIGIN_GEO_IAD_01 seq 5 permit 2:20301
bgp community-list standard MATCH_ORIGIN_GEO_IAD_02 seq 5 permit 2:20302
bgp community-list standard MATCH_ORIGIN_GEO_IAD_03 seq 5 permit 2:20303
bgp community-list standard MATCH_ORIGIN_GEO_IAD_04 seq 5 permit 2:20304
bgp community-list standard MATCH_ORIGIN_GEO_IAD_05 seq 5 permit 2:20305
bgp community-list standard MATCH_ORIGIN_GEO_IAD_06 seq 5 permit 2:20306
bgp community-list standard MATCH_ORIGIN_GEO_IAD_07 seq 5 permit 2:20307
bgp community-list standard MATCH_ORIGIN_GEO_IAD_08 seq 5 permit 2:20308
bgp community-list standard MATCH_ORIGIN_GEO_IAD_09 seq 5 permit 2:20309
bgp community-list standard MATCH_ORIGIN_GEO_IAD_10 seq 5 permit 2:20310
bgp community-list standard MATCH_ORIGIN_GEO_IAD_11 seq 5 permit 2:20311
bgp community-list standard MATCH_ORIGIN_GEO_IAD_12 seq 5 permit 2:20312
bgp community-list standard MATCH_ORIGIN_GEO_IAD_13 seq 5 permit 2:20313
bgp community-list standard MATCH_ORIGIN_GEO_IAD_15 seq 5 permit 2:20315
bgp community-list expanded MATCH_ORIGIN_GEO_ICN seq 5 permit "^2:212.*"
bgp community-list expanded MATCH_ORIGIN_GEO_JED seq 5 permit "^2:219.*"
bgp community-list expanded MATCH_ORIGIN_GEO_JNB seq 5 permit "^2:235.*"
bgp community-list expanded MATCH_ORIGIN_GEO_KIX seq 5 permit "^2:217.*"
bgp community-list expanded MATCH_ORIGIN_GEO_LAX seq 5 permit "^2:213.*"
bgp community-list expanded MATCH_ORIGIN_GEO_LGA seq 5 permit "^2:214.*"
bgp community-list expanded MATCH_ORIGIN_GEO_LHR seq 5 permit "^2:205.*"
bgp community-list expanded MATCH_ORIGIN_GEO_LIN seq 5 permit "^2:237.*"
bgp community-list expanded MATCH_ORIGIN_GEO_MAD seq 5 permit "^2:239.*"
bgp community-list expanded MATCH_ORIGIN_GEO_MEL seq 5 permit "^2:220.*"
bgp community-list expanded MATCH_ORIGIN_GEO_MIA seq 5 permit "^2:230.*"
bgp community-list expanded MATCH_ORIGIN_GEO_MRS seq 5 permit "^2:233.*"
bgp community-list expanded MATCH_ORIGIN_GEO_MTZ seq 5 permit "^2:238.*"
bgp community-list expanded MATCH_ORIGIN_GEO_NRT seq 5 permit "^2:208.*"
bgp community-list expanded MATCH_ORIGIN_GEO_ORD seq 5 permit "^2:215.*"
bgp community-list expanded MATCH_ORIGIN_GEO_PHX seq 5 permit "^2:202.*"
bgp community-list expanded MATCH_ORIGIN_GEO_QRO seq 5 permit "^2:241.*"
bgp community-list expanded MATCH_ORIGIN_GEO_SCL seq 5 permit "^2:232.*"
bgp community-list expanded MATCH_ORIGIN_GEO_SIN seq 5 permit "^2:223.*"
bgp community-list expanded MATCH_ORIGIN_GEO_SJC seq 5 permit "^2:224.*"
bgp community-list expanded MATCH_ORIGIN_GEO_SYD seq 5 permit "^2:211.*"
bgp community-list expanded MATCH_ORIGIN_GEO_VCP seq 5 permit "^2:228.*"
bgp community-list expanded MATCH_ORIGIN_GEO_YNY seq 5 permit "^2:222.*"
bgp community-list expanded MATCH_ORIGIN_GEO_YUL seq 5 permit "^2:218.*"
bgp community-list expanded MATCH_ORIGIN_GEO_YYZ seq 5 permit "^2:206.*"
bgp community-list expanded MATCH_ORIGIN_GEO_ZRH seq 5 permit "^2:210.*"
bgp community-list expanded MATCH_ORIGIN_TOPO seq 5 permit "^2:1.*"
bgp community-list expanded MATCH_ORIGIN_TOPO_BORDER seq 5 permit "^2:12.*"
bgp community-list expanded MATCH_ORIGIN_TOPO_BORDER_CORE seq 5 permit "^2:1203.*"
bgp community-list expanded MATCH_ORIGIN_TOPO_BORDER_ELPASO seq 5 permit "^2:1207.*"
bgp community-list expanded MATCH_ORIGIN_TOPO_BORDER_GATEWAY seq 5 permit "^2:1204.*"
bgp community-list expanded MATCH_ORIGIN_TOPO_BORDER_PEER seq 5 permit "^2:1201.*"
bgp community-list expanded MATCH_ORIGIN_TOPO_BORDER_REDIRECCFABT1 seq 5 permit "^2:1205.*"
bgp community-list expanded MATCH_ORIGIN_TOPO_BORDER_REFLECCFABT1 seq 5 permit "^2:1202.*"
bgp community-list expanded MATCH_ORIGIN_TOPO_BORDER_VPN seq 5 permit "^2:1206.*"
bgp community-list expanded MATCH_ORIGIN_TOPO_DC seq 5 permit "^2:11.*"
bgp community-list expanded MATCH_ORIGIN_TOPO_DC_APEX seq 5 permit "^2:1104.*"
bgp community-list expanded MATCH_ORIGIN_TOPO_DC_CFABT1 seq 5 permit "^2:1101.*"
bgp community-list expanded MATCH_ORIGIN_TOPO_DC_MGMT seq 5 permit "^2:1105.*"
bgp community-list expanded MATCH_ORIGIN_TOPO_DC_POST seq 5 permit "^2:1102.*"
bgp community-list expanded MATCH_ORIGIN_TOPO_DC_SPINE seq 5 permit "^2:1103.*"
bgp community-list expanded MATCH_ORIGIN_TOPO_SE seq 5 permit "^2:13.*"
bgp community-list expanded MATCH_ORIGIN_TOPO_SE_CFABT1 seq 5 permit "^2:1301.*"
bgp community-list expanded MATCH_ORIGIN_TOPO_SE_LB seq 5 permit "^2:1303.*"
bgp community-list expanded MATCH_ORIGIN_TOPO_SE_SERVICE seq 5 permit "^2:1302.*"
bgp community-list expanded MATCH_POLICY seq 5 permit "^3:.*"
bgp community-list expanded MATCH_POLICY_ATTRIBUTE seq 5 permit "^3:1.*"
bgp community-list expanded MATCH_POLICY_ATTRIBUTE_LOCALPREF seq 5 permit "^3:12.*"
bgp community-list standard MATCH_POLICY_ATTRIBUTE_LOCALPREF_0 seq 5 permit 3:1200
bgp community-list standard MATCH_POLICY_ATTRIBUTE_LOCALPREF_100 seq 5 permit 3:1201
bgp community-list standard MATCH_POLICY_ATTRIBUTE_LOCALPREF_1000 seq 5 permit 3:1210
bgp community-list standard MATCH_POLICY_ATTRIBUTE_LOCALPREF_1100 seq 5 permit 3:1211
bgp community-list standard MATCH_POLICY_ATTRIBUTE_LOCALPREF_1200 seq 5 permit 3:1212
bgp community-list standard MATCH_POLICY_ATTRIBUTE_LOCALPREF_1300 seq 5 permit 3:1213
bgp community-list standard MATCH_POLICY_ATTRIBUTE_LOCALPREF_1400 seq 5 permit 3:1214
bgp community-list standard MATCH_POLICY_ATTRIBUTE_LOCALPREF_1500 seq 5 permit 3:1215
bgp community-list standard MATCH_POLICY_ATTRIBUTE_LOCALPREF_1600 seq 5 permit 3:1216
bgp community-list standard MATCH_POLICY_ATTRIBUTE_LOCALPREF_1700 seq 5 permit 3:1217
bgp community-list standard MATCH_POLICY_ATTRIBUTE_LOCALPREF_1800 seq 5 permit 3:1218
bgp community-list standard MATCH_POLICY_ATTRIBUTE_LOCALPREF_1900 seq 5 permit 3:1219
bgp community-list standard MATCH_POLICY_ATTRIBUTE_LOCALPREF_200 seq 5 permit 3:1202
bgp community-list standard MATCH_POLICY_ATTRIBUTE_LOCALPREF_2000 seq 5 permit 3:1220
bgp community-list standard MATCH_POLICY_ATTRIBUTE_LOCALPREF_300 seq 5 permit 3:1203
bgp community-list standard MATCH_POLICY_ATTRIBUTE_LOCALPREF_400 seq 5 permit 3:1204
bgp community-list standard MATCH_POLICY_ATTRIBUTE_LOCALPREF_500 seq 5 permit 3:1205
bgp community-list standard MATCH_POLICY_ATTRIBUTE_LOCALPREF_600 seq 5 permit 3:1206
bgp community-list standard MATCH_POLICY_ATTRIBUTE_LOCALPREF_700 seq 5 permit 3:1207
bgp community-list standard MATCH_POLICY_ATTRIBUTE_LOCALPREF_800 seq 5 permit 3:1208
bgp community-list standard MATCH_POLICY_ATTRIBUTE_LOCALPREF_900 seq 5 permit 3:1209
bgp community-list expanded MATCH_POLICY_FORWARDING seq 5 permit "^3:3.*"
bgp community-list expanded MATCH_POLICY_FORWARDING_BLACKHOLE seq 5 permit "^3:31$"
bgp community-list expanded MATCH_POLICY_FORWARDING_HONEYPOT seq 5 permit "^3:32$"
bgp community-list expanded MATCH_POLICY_FORWARDING_MITIGATION seq 5 permit "^3:33$"
bgp community-list expanded MATCH_POLICY_SCOPE seq 5 permit "^3:2.*"
bgp community-list expanded MATCH_POLICY_SCOPE_OCI seq 5 permit "^3:20.*"
bgp community-list standard MATCH_POLICY_SCOPE_OCI_BUILDING seq 5 permit 3:2030
bgp community-list standard MATCH_POLICY_SCOPE_OCI_FABRIC seq 5 permit 3:2020
bgp community-list standard MATCH_POLICY_SCOPE_OCI_GLOBAL seq 5 permit 3:2080
bgp community-list standard MATCH_POLICY_SCOPE_OCI_REGION seq 5 permit 3:2050
bgp community-list standard MATCH_POLICY_SCOPE_OCI_SUBFABRIC seq 5 permit 3:2010
bgp community-list expanded MATCH_TYPE seq 5 permit "^1:.*"
bgp community-list expanded MATCH_TYPE_ADMIN seq 5 permit "^1:6.*"
bgp community-list expanded MATCH_TYPE_AGGREGATE seq 5 permit "^1:2.*"
bgp community-list expanded MATCH_TYPE_ENDPOINT seq 5 permit "^1:4.*"
bgp community-list expanded MATCH_TYPE_ENDPOINT_ANYCAST seq 5 permit "^1:401.*"
bgp community-list expanded MATCH_TYPE_ENDPOINT_BASTION seq 5 permit "^1:404.*"
bgp community-list expanded MATCH_TYPE_ENDPOINT_BDI seq 5 permit "^1:409.*"
bgp community-list expanded MATCH_TYPE_ENDPOINT_DNS_RECURSOR seq 5 permit "^1:407.*"
bgp community-list expanded MATCH_TYPE_ENDPOINT_ELPASO_GAMMA_PROBE seq 5 permit "^1:410.*"
bgp community-list expanded MATCH_TYPE_ENDPOINT_EXTERNAL_DNS seq 5 permit "^1:406.*"
bgp community-list expanded MATCH_TYPE_ENDPOINT_LB seq 5 permit "^1:402.*"
bgp community-list expanded MATCH_TYPE_ENDPOINT_OTHER seq 5 permit "^1:499.*"
bgp community-list expanded MATCH_TYPE_ENDPOINT_PROXY seq 5 permit "^1:405.*"
bgp community-list expanded MATCH_TYPE_ENDPOINT_SMTP_RELAY seq 5 permit "^1:408.*"
bgp community-list expanded MATCH_TYPE_ENDPOINT_VPN seq 5 permit "^1:403.*"
bgp community-list expanded MATCH_TYPE_SUBSTRATE seq 5 permit "^1:1.*"
bgp community-list expanded MATCH_TYPE_SUBSTRATE_AGGREGATE seq 5 permit "^1:101.*"
bgp community-list standard MATCH_TYPE_SUBSTRATE_AGGREGATE_BACKUP seq 5 permit 1:1011
bgp community-list expanded MATCH_TYPE_SUBSTRATE_DEFAULT seq 5 permit "^1:100.*"
bgp community-list expanded MATCH_TYPE_SUBSTRATE_LOOPBACK seq 5 permit "^1:102.*"
bgp community-list expanded MATCH_TYPE_SUBSTRATE_P2P seq 5 permit "^1:103.*"
bgp community-list expanded MATCH_TYPE_SUBSTRATE_SUBNET seq 5 permit "^1:104.*"
bgp community-list standard SET_ORIGIN_GEO_IAD_01 seq 5 permit 2:20301
bgp community-list standard SET_ORIGIN_GEO_IAD_02 seq 5 permit 2:20302
bgp community-list standard SET_ORIGIN_GEO_IAD_03 seq 5 permit 2:20303
bgp community-list standard SET_ORIGIN_GEO_IAD_04 seq 5 permit 2:20304
bgp community-list standard SET_ORIGIN_GEO_IAD_05 seq 5 permit 2:20305
bgp community-list standard SET_ORIGIN_GEO_IAD_06 seq 5 permit 2:20306
bgp community-list standard SET_ORIGIN_GEO_IAD_07 seq 5 permit 2:20307
bgp community-list standard SET_ORIGIN_GEO_IAD_08 seq 5 permit 2:20308
bgp community-list standard SET_ORIGIN_GEO_IAD_09 seq 5 permit 2:20309
bgp community-list standard SET_ORIGIN_GEO_IAD_10 seq 5 permit 2:20310
bgp community-list standard SET_ORIGIN_GEO_IAD_11 seq 5 permit 2:20311
bgp community-list standard SET_ORIGIN_GEO_IAD_12 seq 5 permit 2:20312
bgp community-list standard SET_ORIGIN_GEO_IAD_13 seq 5 permit 2:20313
bgp community-list standard SET_ORIGIN_GEO_IAD_15 seq 5 permit 2:20315
bgp community-list standard SET_ORIGIN_TOPO_BORDER_CORE seq 5 permit 2:1203
bgp community-list standard SET_ORIGIN_TOPO_BORDER_ELPASO seq 5 permit 2:1207
bgp community-list standard SET_ORIGIN_TOPO_BORDER_GATEWAY seq 5 permit 2:1204
bgp community-list standard SET_ORIGIN_TOPO_BORDER_PEER seq 5 permit 2:1201
bgp community-list standard SET_ORIGIN_TOPO_BORDER_REDIRECCFABT1 seq 5 permit 2:1205
bgp community-list standard SET_ORIGIN_TOPO_BORDER_REFLECCFABT1 seq 5 permit 2:1202
bgp community-list standard SET_ORIGIN_TOPO_BORDER_VPN seq 5 permit 2:1206
bgp community-list standard SET_ORIGIN_TOPO_DC_APEX seq 5 permit 2:1104
bgp community-list standard SET_ORIGIN_TOPO_DC_CFABT1 seq 5 permit 2:1101
bgp community-list standard SET_ORIGIN_TOPO_DC_MGMT seq 5 permit 2:1105
bgp community-list standard SET_ORIGIN_TOPO_DC_POST seq 5 permit 2:1102
bgp community-list standard SET_ORIGIN_TOPO_DC_SPINE seq 5 permit 2:1103
bgp community-list standard SET_ORIGIN_TOPO_SE_CFABT1 seq 5 permit 2:1301
bgp community-list standard SET_ORIGIN_TOPO_SE_LB seq 5 permit 2:1303
bgp community-list standard SET_ORIGIN_TOPO_SE_SERVICE seq 5 permit 2:1302
bgp community-list standard SET_POLICY_ATTRIBUTE_LOCALPREF_0 seq 5 permit 3:1200
bgp community-list standard SET_POLICY_ATTRIBUTE_LOCALPREF_100 seq 5 permit 3:1201
bgp community-list standard SET_POLICY_ATTRIBUTE_LOCALPREF_1000 seq 5 permit 3:1210
bgp community-list standard SET_POLICY_ATTRIBUTE_LOCALPREF_1100 seq 5 permit 3:1211
bgp community-list standard SET_POLICY_ATTRIBUTE_LOCALPREF_1200 seq 5 permit 3:1212
bgp community-list standard SET_POLICY_ATTRIBUTE_LOCALPREF_1300 seq 5 permit 3:1213
bgp community-list standard SET_POLICY_ATTRIBUTE_LOCALPREF_1400 seq 5 permit 3:1214
bgp community-list standard SET_POLICY_ATTRIBUTE_LOCALPREF_1500 seq 5 permit 3:1215
bgp community-list standard SET_POLICY_ATTRIBUTE_LOCALPREF_1600 seq 5 permit 3:1216
bgp community-list standard SET_POLICY_ATTRIBUTE_LOCALPREF_1700 seq 5 permit 3:1217
bgp community-list standard SET_POLICY_ATTRIBUTE_LOCALPREF_1800 seq 5 permit 3:1218
bgp community-list standard SET_POLICY_ATTRIBUTE_LOCALPREF_1900 seq 5 permit 3:1219
bgp community-list standard SET_POLICY_ATTRIBUTE_LOCALPREF_200 seq 5 permit 3:1202
bgp community-list standard SET_POLICY_ATTRIBUTE_LOCALPREF_2000 seq 5 permit 3:1220
bgp community-list standard SET_POLICY_ATTRIBUTE_LOCALPREF_300 seq 5 permit 3:1203
bgp community-list standard SET_POLICY_ATTRIBUTE_LOCALPREF_400 seq 5 permit 3:1204
bgp community-list standard SET_POLICY_ATTRIBUTE_LOCALPREF_500 seq 5 permit 3:1205
bgp community-list standard SET_POLICY_ATTRIBUTE_LOCALPREF_600 seq 5 permit 3:1206
bgp community-list standard SET_POLICY_ATTRIBUTE_LOCALPREF_700 seq 5 permit 3:1207
bgp community-list standard SET_POLICY_ATTRIBUTE_LOCALPREF_800 seq 5 permit 3:1208
bgp community-list standard SET_POLICY_ATTRIBUTE_LOCALPREF_900 seq 5 permit 3:1209
bgp community-list standard SET_POLICY_FORWARDING_BLACKHOLE seq 5 permit 3:31
bgp community-list standard SET_POLICY_FORWARDING_HONEYPOT seq 5 permit 3:32
bgp community-list standard SET_POLICY_FORWARDING_MITIGATION seq 5 permit 3:33
bgp community-list standard SET_POLICY_SCOPE_OCI_BUILDING seq 5 permit 3:2030
bgp community-list standard SET_POLICY_SCOPE_OCI_FABRIC seq 5 permit 3:2020
bgp community-list standard SET_POLICY_SCOPE_OCI_GLOBAL seq 5 permit 3:2080
bgp community-list standard SET_POLICY_SCOPE_OCI_REGION seq 5 permit 3:2050
bgp community-list standard SET_POLICY_SCOPE_OCI_SUBFABRIC seq 5 permit 3:2010
bgp community-list standard SET_TYPE_AGGREGATE seq 5 permit 1:2
bgp community-list standard SET_TYPE_ENDPOINT_ANYCAST seq 5 permit 1:401
bgp community-list standard SET_TYPE_ENDPOINT_BASTION seq 5 permit 1:404
bgp community-list standard SET_TYPE_ENDPOINT_BDI seq 5 permit 1:409
bgp community-list standard SET_TYPE_ENDPOINT_DNS_RECURSOR seq 5 permit 1:407
bgp community-list standard SET_TYPE_ENDPOINT_ELPASO_GAMMA_PROBE seq 5 permit 1:410
bgp community-list standard SET_TYPE_ENDPOINT_EXTERNAL_DNS seq 5 permit 1:406
bgp community-list standard SET_TYPE_ENDPOINT_LB seq 5 permit 1:402
bgp community-list standard SET_TYPE_ENDPOINT_OTHER seq 5 permit 1:499
bgp community-list standard SET_TYPE_ENDPOINT_PROXY seq 5 permit 1:405
bgp community-list standard SET_TYPE_ENDPOINT_SMTP_RELAY seq 5 permit 1:408
bgp community-list standard SET_TYPE_ENDPOINT_VPN seq 5 permit 1:403
bgp community-list standard SET_TYPE_SUBSTRATE_AGGREGATE seq 5 permit 1:101
bgp community-list standard SET_TYPE_SUBSTRATE_AGGREGATE_BACKUP seq 5 permit 1:1011
bgp community-list standard SET_TYPE_SUBSTRATE_DEFAULT seq 5 permit 1:100
bgp community-list standard SET_TYPE_SUBSTRATE_LOOPBACK seq 5 permit 1:102
bgp community-list standard SET_TYPE_SUBSTRATE_P2P seq 5 permit 1:103
bgp community-list standard SET_TYPE_SUBSTRATE_SUBNET seq 5 permit 1:104
!
route-map RM_SET_SRC permit 10
 set src 172.28.5.144
exit
!
route-map PASSIVE_BGP_PEER_IN permit 100
 description permit-ipv4-allow-anycast
 match ip address prefix-list IPV4_ALLOW_ANYCAST_UPTO_32
exit
!
route-map PASSIVE_BGP_PEER_IN deny 65535
exit
!
route-map PASSIVE_BGP_PEER_OUT deny 65535
exit
!
route-map TOR_AGGREGATE_GPU permit 100
exit
!
route-map TOR_AGGREGATE_SMARTNIC permit 100
exit
!
route-map TOR_FROM_CFABT1 permit 100
 description match-set-localpref-0
 match community MATCH_POLICY_ATTRIBUTE_LOCALPREF_0
 set local-preference 0
exit
!
route-map TOR_FROM_CFABT1 permit 200
 description match-set-localpref-200
 match community MATCH_POLICY_ATTRIBUTE_LOCALPREF_200
 set local-preference 200
exit
!
route-map TOR_FROM_CFABT1 permit 300
 description match-set-localpref-300
 match community MATCH_POLICY_ATTRIBUTE_LOCALPREF_300
 set local-preference 300
exit
!
route-map TOR_FROM_CFABT1 permit 400
 description match-set-localpref-1000
 match community MATCH_POLICY_ATTRIBUTE_LOCALPREF_1000
 set local-preference 1000
exit
!
route-map TOR_FROM_CFABT1 permit 65535
exit
!
route-map TOR_LOOPBACK_TO_BGP permit 100
 set community 1:102 3:2010
exit
!
route-map TOR_POINT_TO_POINT_TO_BGP permit 100
 set community 1:103 3:2030
exit
!
route-map TOR_TO_CFABT1 permit 100
 description redist-connected
 match source-protocol connected
exit
!
route-map TOR_TO_CFABT1 permit 200
 description redist-static
 match source-protocol static
exit
!
route-map TOR_TO_CFABT1 permit 300
 description redist-bgp
 match as-path SERVICE_VIP
 match source-protocol bgp
exit
!
route-map TOR_TO_CFABT1 deny 65535
exit
!
route-map TOR_UTILITY_LOOPBACK_TO_BGP permit 100
 set community 1:102
exit
!
route-map TOR_UTILITY_VLAN_TO_BGP permit 100
exit
!
ip protocol bgp route-map RM_SET_SRC
!
